Using pre-set license
Built from '2020.3/staging' branch; Version is '2020.3.23f1 (c5d91304a876) revision 12966163'; Using compiler version '192528614'; Build Type 'Release'
OS: 'Windows 10 Pro; OS build 19042.1348; Version 2009; 64bit' Language: 'en' Physical Memory: 8083 MB
BatchMode: 1, IsHumanControllingUs: 0, StartBugReporterOnCrash: 0, Is64bit: 1, IsPro: 0

COMMAND LINE ARGUMENTS:
C:\Program Files\Unity\Hub\Editor\2020.3.23f1\Editor\Unity.exe
-adb2
-batchMode
-noUpm
-name
AssetImportWorker0
-projectPath
C:/Users/Hugo/Documents/GitHub/Snowball-Effect
-logFile
Logs/AssetImportWorker0.log
-srvPort
52925
Successfully changed project path to: C:/Users/Hugo/Documents/GitHub/Snowball-Effect
C:/Users/Hugo/Documents/GitHub/Snowball-Effect
Using Asset Import Pipeline V2.
Refreshing native plugins compatible for Editor in 70.39 ms, found 2 plugins.
Preloading 0 native plugins for Editor in 0.00 ms.
Initialize engine version: 2020.3.23f1 (c5d91304a876)
[Subsystems] Discovering subsystems at path C:/Program Files/Unity/Hub/Editor/2020.3.23f1/Editor/Data/Resources/UnitySubsystems
[Subsystems] Discovering subsystems at path C:/Users/Hugo/Documents/GitHub/Snowball-Effect/Assets
GfxDevice: creating device client; threaded=0
Direct3D:
    Version:  Direct3D 11.0 [level 11.1]
    Renderer: Intel(R) HD Graphics 620 (ID=0x5916)
    Vendor:   
    VRAM:     4041 MB
    Driver:   21.20.16.4639
Initialize mono
Mono path[0] = 'C:/Program Files/Unity/Hub/Editor/2020.3.23f1/Editor/Data/Managed'
Mono path[1] = 'C:/Program Files/Unity/Hub/Editor/2020.3.23f1/Editor/Data/MonoBleedingEdge/lib/mono/unityjit'
Mono config path = 'C:/Program Files/Unity/Hub/Editor/2020.3.23f1/Editor/Data/MonoBleedingEdge/etc'
Using monoOptions --debugger-agent=transport=dt_socket,embedding=1,server=y,suspend=n,address=127.0.0.1:56724
Begin MonoManager ReloadAssembly
Registering precompiled unity dll's ...
Register platform support module: C:/Program Files/Unity/Hub/Editor/2020.3.23f1/Editor/Data/PlaybackEngines/WindowsStandaloneSupport/UnityEditor.WindowsStandalone.Extensions.dll
Registered in 0.001716 seconds.
Native extension for WindowsStandalone target not found
Refreshing native plugins compatible for Editor in 49.17 ms, found 2 plugins.
Preloading 0 native plugins for Editor in 0.00 ms.
Mono: successfully reloaded assembly
- Completed reload, in  0.683 seconds
Domain Reload Profiling:
	ReloadAssembly (684ms)
		BeginReloadAssembly (58ms)
			ExecutionOrderSort (0ms)
			DisableScriptedObjects (0ms)
			BackupInstance (0ms)
			ReleaseScriptingObjects (0ms)
			CreateAndSetChildDomain (1ms)
		EndReloadAssembly (537ms)
			LoadAssemblies (55ms)
			RebuildTransferFunctionScriptingTraits (0ms)
			SetupTypeCache (188ms)
			ReleaseScriptCaches (0ms)
			RebuildScriptCaches (34ms)
			SetupLoadedEditorAssemblies (186ms)
				LogAssemblyErrors (0ms)
				InitializePlatformSupportModulesInManaged (6ms)
				SetLoadedEditorAssemblies (0ms)
				RefreshPlugins (49ms)
				BeforeProcessingInitializeOnLoad (8ms)
				ProcessInitializeOnLoadAttributes (91ms)
				ProcessInitializeOnLoadMethodAttributes (31ms)
				AfterProcessingInitializeOnLoad (0ms)
				EditorAssembliesLoaded (0ms)
			ExecutionOrderSort2 (0ms)
			AwakeInstancesAfterBackupRestoration (0ms)
Platform modules already initialized, skipping
Registering precompiled user dll's ...
Registered in 0.020985 seconds.
Begin MonoManager ReloadAssembly
Native extension for WindowsStandalone target not found
Refreshing native plugins compatible for Editor in 1.03 ms, found 2 plugins.
Preloading 0 native plugins for Editor in 0.00 ms.
Mono: successfully reloaded assembly
- Completed reload, in  1.422 seconds
Domain Reload Profiling:
	ReloadAssembly (1423ms)
		BeginReloadAssembly (175ms)
			ExecutionOrderSort (0ms)
			DisableScriptedObjects (5ms)
			BackupInstance (0ms)
			ReleaseScriptingObjects (0ms)
			CreateAndSetChildDomain (22ms)
		EndReloadAssembly (1171ms)
			LoadAssemblies (115ms)
			RebuildTransferFunctionScriptingTraits (0ms)
			SetupTypeCache (383ms)
			ReleaseScriptCaches (0ms)
			RebuildScriptCaches (58ms)
			SetupLoadedEditorAssemblies (494ms)
				LogAssemblyErrors (0ms)
				InitializePlatformSupportModulesInManaged (5ms)
				SetLoadedEditorAssemblies (1ms)
				RefreshPlugins (1ms)
				BeforeProcessingInitializeOnLoad (73ms)
				ProcessInitializeOnLoadAttributes (398ms)
				ProcessInitializeOnLoadMethodAttributes (9ms)
				AfterProcessingInitializeOnLoad (6ms)
				EditorAssembliesLoaded (0ms)
			ExecutionOrderSort2 (0ms)
			AwakeInstancesAfterBackupRestoration (7ms)
Platform modules already initialized, skipping
========================================================================
Worker process is ready to serve import requests
Launched and connected shader compiler UnityShaderCompiler.exe after 0.08 seconds
Refreshing native plugins compatible for Editor in 2.09 ms, found 2 plugins.
Preloading 0 native plugins for Editor in 0.00 ms.
Unloading 1925 Unused Serialized files (Serialized files now loaded: 0)
System memory in use before: 81.1 MB.
System memory in use after: 81.2 MB.

Unloading 157 unused Assets to reduce memory usage. Loaded Objects now: 2272.
Total: 5.778700 ms (FindLiveObjects: 0.336800 ms CreateObjectMapping: 0.187500 ms MarkObjects: 5.080400 ms  DeleteObjects: 0.172000 ms)

AssetImportParameters requested are different than current active one (requested -> active):
  custom:framework-win-MediaFoundation: 216162199b28c13a410421893ffa2e32 -> 
  custom:video-decoder-ogg-theora: a1e56fd34408186e4bbccfd4996cb3dc -> 
  custom:container-muxer-webm: aa71ff27fc2769a1b78a27578f13a17b -> 
  custom:container-demuxer-webm: 4f35f7cbe854078d1ac9338744f61a02 -> 
  custom:container-demuxer-ogg: 62fdf1f143b41e24485cea50d1cbac27 -> 
  custom:video-encoder-webm-vp8: eb34c28f22e8b96e1ab97ce403110664 -> 
  custom:video-codec-MediaFoundation-h265: 746d11721c4dcdbdad8f713fa42b33f4 -> 
  custom:video-decoder-webm-vp8: 9c59270c3fd7afecdb556c50c9e8de78 -> 
  custom:audio-decoder-ogg-vorbis: bf7c407c2cedff20999df2af8eb42d56 -> 
  custom:audio-encoder-webm-vorbis: bf7c407c2cedff20999df2af8eb42d56 -> 
========================================================================
Received Import Request.
  path: Assets/Src/Scenes
  artifactKey: Guid(8e5a61fd1431b4294a4b708423fa2b18) Importer(815301076,1909f56bfc062723c751e8b465ee728b)
Start importing Assets/Src/Scenes using Guid(8e5a61fd1431b4294a4b708423fa2b18) Importer(815301076,1909f56bfc062723c751e8b465ee728b)  -> (artifact id: '2247de5398b61ab8c83572ea0bfe9836') in 0.012990 seconds 
  Import took 0.017499 seconds .

========================================================================
Received Import Request.
  Time since last request: 0.000291 seconds.
  path: Assets/Src/logo.png
  artifactKey: Guid(d60647828951cc0458ee0025627950df) Importer(815301076,1909f56bfc062723c751e8b465ee728b)
Start importing Assets/Src/logo.png using Guid(d60647828951cc0458ee0025627950df) Importer(815301076,1909f56bfc062723c751e8b465ee728b)  -> (artifact id: 'b4a3ad60d2b89cd8889acfc2fe7ac6cc') in 0.144060 seconds 
  Import took 0.149130 seconds .

========================================================================
Received Import Request.
  Time since last request: 0.000207 seconds.
  path: Assets/Src/icon.png
  artifactKey: Guid(db1dda2f0a2890843ac94d1211b822d9) Importer(815301076,1909f56bfc062723c751e8b465ee728b)
Start importing Assets/Src/icon.png using Guid(db1dda2f0a2890843ac94d1211b822d9) Importer(815301076,1909f56bfc062723c751e8b465ee728b)  -> (artifact id: '935db0bcf7845da6e099797bff73fa8e') in 0.030972 seconds 
  Import took 0.034814 seconds .

========================================================================
Received Import Request.
  Time since last request: 0.230596 seconds.
  path: Assets/Src/Scenes/Game.unity
  artifactKey: Guid(6e6ab8768bb3cbc4bae3de00574d9f15) Importer(815301076,1909f56bfc062723c751e8b465ee728b)
Start importing Assets/Src/Scenes/Game.unity using Guid(6e6ab8768bb3cbc4bae3de00574d9f15) Importer(815301076,1909f56bfc062723c751e8b465ee728b)  -> (artifact id: 'fec12d53172e00333f82ccf1991b6b09') in 0.021381 seconds 
  Import took 0.026930 seconds .

========================================================================
Received Prepare
Registering precompiled user dll's ...
Registered in 0.028408 seconds.
Begin MonoManager ReloadAssembly
Native extension for WindowsStandalone target not found
Refreshing native plugins compatible for Editor in 1.07 ms, found 2 plugins.
Preloading 0 native plugins for Editor in 0.00 ms.
Mono: successfully reloaded assembly
- Completed reload, in  1.583 seconds
Domain Reload Profiling:
	ReloadAssembly (1583ms)
		BeginReloadAssembly (156ms)
			ExecutionOrderSort (0ms)
			DisableScriptedObjects (4ms)
			BackupInstance (0ms)
			ReleaseScriptingObjects (0ms)
			CreateAndSetChildDomain (45ms)
		EndReloadAssembly (1342ms)
			LoadAssemblies (136ms)
			RebuildTransferFunctionScriptingTraits (0ms)
			SetupTypeCache (523ms)
			ReleaseScriptCaches (1ms)
			RebuildScriptCaches (88ms)
			SetupLoadedEditorAssemblies (442ms)
				LogAssemblyErrors (0ms)
				InitializePlatformSupportModulesInManaged (6ms)
				SetLoadedEditorAssemblies (1ms)
				RefreshPlugins (1ms)
				BeforeProcessingInitializeOnLoad (61ms)
				ProcessInitializeOnLoadAttributes (358ms)
				ProcessInitializeOnLoadMethodAttributes (10ms)
				AfterProcessingInitializeOnLoad (6ms)
				EditorAssembliesLoaded (0ms)
			ExecutionOrderSort2 (0ms)
			AwakeInstancesAfterBackupRestoration (8ms)
Platform modules already initialized, skipping
Refreshing native plugins compatible for Editor in 1.92 ms, found 2 plugins.
Preloading 0 native plugins for Editor in 0.00 ms.
Unloading 1922 Unused Serialized files (Serialized files now loaded: 0)
System memory in use before: 84.8 MB.
System memory in use after: 84.9 MB.

Unloading 264 unused Assets to reduce memory usage. Loaded Objects now: 2284.
Total: 4.611500 ms (FindLiveObjects: 0.827000 ms CreateObjectMapping: 0.220900 ms MarkObjects: 3.362100 ms  DeleteObjects: 0.199500 ms)

AssetImportParameters requested are different than current active one (requested -> active):
  custom:framework-win-MediaFoundation: 216162199b28c13a410421893ffa2e32 -> 
  custom:video-decoder-ogg-theora: a1e56fd34408186e4bbccfd4996cb3dc -> 
  custom:container-muxer-webm: aa71ff27fc2769a1b78a27578f13a17b -> 
  custom:container-demuxer-webm: 4f35f7cbe854078d1ac9338744f61a02 -> 
  custom:container-demuxer-ogg: 62fdf1f143b41e24485cea50d1cbac27 -> 
  custom:video-encoder-webm-vp8: eb34c28f22e8b96e1ab97ce403110664 -> 
  custom:video-codec-MediaFoundation-h265: 746d11721c4dcdbdad8f713fa42b33f4 -> 
  custom:video-decoder-webm-vp8: 9c59270c3fd7afecdb556c50c9e8de78 -> 
  custom:audio-decoder-ogg-vorbis: bf7c407c2cedff20999df2af8eb42d56 -> 
  custom:audio-encoder-webm-vorbis: bf7c407c2cedff20999df2af8eb42d56 -> 
========================================================================
Received Import Request.
  Time since last request: 30.191392 seconds.
  path: Assets/SimpleNaturePack/Models/Bush_01.fbx
  artifactKey: Guid(d8ea93d2d4757e444a5349f4bc849128) Importer(815301076,1909f56bfc062723c751e8b465ee728b)
Start importing Assets/SimpleNaturePack/Models/Bush_01.fbx using Guid(d8ea93d2d4757e444a5349f4bc849128) Importer(815301076,1909f56bfc062723c751e8b465ee728b)  -> (artifact id: '0b6b4fc9e851ca600bf6fa4ab8b4c244') in 0.260500 seconds 
  Import took 0.266259 seconds .

========================================================================
Received Import Request.
  Time since last request: 0.000219 seconds.
  path: Assets/SimpleNaturePack/Models/Ground_02.fbx
  artifactKey: Guid(57d3eed6d2253d24994d5ad37e00aedc) Importer(815301076,1909f56bfc062723c751e8b465ee728b)
Start importing Assets/SimpleNaturePack/Models/Ground_02.fbx using Guid(57d3eed6d2253d24994d5ad37e00aedc) Importer(815301076,1909f56bfc062723c751e8b465ee728b)  -> (artifact id: '3eecf903bce0e3c9e5d2fcedab7df5f1') in 0.056819 seconds 
  Import took 0.062845 seconds .

========================================================================
Received Import Request.
  Time since last request: 0.000221 seconds.
  path: Assets/SimpleNaturePack/Models/Ground_03.fbx
  artifactKey: Guid(661464e19c087564badb2bf5230c842c) Importer(815301076,1909f56bfc062723c751e8b465ee728b)
Start importing Assets/SimpleNaturePack/Models/Ground_03.fbx using Guid(661464e19c087564badb2bf5230c842c) Importer(815301076,1909f56bfc062723c751e8b465ee728b)  -> (artifact id: '4ebd18912945172fe1e633218cafea6b') in 0.043418 seconds 
  Import took 0.048293 seconds .

========================================================================
Received Import Request.
  Time since last request: 0.000301 seconds.
  path: Assets/Src/Models/characterBubble (3).fbx
  artifactKey: Guid(1749bcb872b108d41a8520d567062a30) Importer(815301076,1909f56bfc062723c751e8b465ee728b)
Start importing Assets/Src/Models/characterBubble (3).fbx using Guid(1749bcb872b108d41a8520d567062a30) Importer(815301076,1909f56bfc062723c751e8b465ee728b)  -> (artifact id: '3e98d7121dc8c98ca3e03c2a2b9df719') in 0.178896 seconds 
  Import took 0.184139 seconds .

========================================================================
Received Import Request.
  Time since last request: 0.000290 seconds.
  path: Assets/SimpleNaturePack/Models/Grass_02.fbx
  artifactKey: Guid(638dc165572d2a84081d13ce1afb4d52) Importer(815301076,1909f56bfc062723c751e8b465ee728b)
Start importing Assets/SimpleNaturePack/Models/Grass_02.fbx using Guid(638dc165572d2a84081d13ce1afb4d52) Importer(815301076,1909f56bfc062723c751e8b465ee728b)  -> (artifact id: 'ab100b1e7f6de699217e4a13cdece240') in 0.051594 seconds 
  Import took 0.057471 seconds .

========================================================================
Received Import Request.
  Time since last request: 0.000281 seconds.
  path: Assets/SimpleNaturePack/Models/Ground_01.fbx
  artifactKey: Guid(d4ad967689295ba4eaf8baeaebc8721b) Importer(815301076,1909f56bfc062723c751e8b465ee728b)
Start importing Assets/SimpleNaturePack/Models/Ground_01.fbx using Guid(d4ad967689295ba4eaf8baeaebc8721b) Importer(815301076,1909f56bfc062723c751e8b465ee728b)  -> (artifact id: '5f6cab644464b154115c4df50bb144e9') in 0.060831 seconds 
  Import took 0.069713 seconds .

========================================================================
Received Import Request.
  Time since last request: 0.000728 seconds.
  path: Assets/SimpleNaturePack/Models/Bush_02.fbx
  artifactKey: Guid(ba52853a69186a841a52a9cc2e9b77fa) Importer(815301076,1909f56bfc062723c751e8b465ee728b)
Start importing Assets/SimpleNaturePack/Models/Bush_02.fbx using Guid(ba52853a69186a841a52a9cc2e9b77fa) Importer(815301076,1909f56bfc062723c751e8b465ee728b)  -> (artifact id: '4fe419194bb5004725fce52a20803f0b') in 0.051221 seconds 
  Import took 0.055591 seconds .

========================================================================
Received Import Request.
  Time since last request: 0.000197 seconds.
  path: Assets/Src/Models/untitled.fbx
  artifactKey: Guid(dec31d4447c53be42b45fa035a1623e3) Importer(815301076,1909f56bfc062723c751e8b465ee728b)
Start importing Assets/Src/Models/untitled.fbx using Guid(dec31d4447c53be42b45fa035a1623e3) Importer(815301076,1909f56bfc062723c751e8b465ee728b)  -> (artifact id: 'aec00c605a8464d7ba613407e84da9f0') in 0.068815 seconds 
  Import took 0.072750 seconds .

========================================================================
Received Import Request.
  Time since last request: 0.000287 seconds.
  path: Assets/SimpleNaturePack/Models/Grass_01.fbx
  artifactKey: Guid(ad3119cbd6dce024e8460ef32dec49df) Importer(815301076,1909f56bfc062723c751e8b465ee728b)
Start importing Assets/SimpleNaturePack/Models/Grass_01.fbx using Guid(ad3119cbd6dce024e8460ef32dec49df) Importer(815301076,1909f56bfc062723c751e8b465ee728b)  -> (artifact id: '2c8fade625e5dafc8953477508e3cf78') in 0.055941 seconds 
  Import took 0.062749 seconds .

========================================================================
Received Import Request.
  Time since last request: 0.501208 seconds.
  path: Assets/BOXOPHOBIC/Skybox Cubemap Extended/Demo/Meshes/LowPoly - Fence A.FBX
  artifactKey: Guid(719d923d0fff4604dad00bd968b563b2) Importer(815301076,1909f56bfc062723c751e8b465ee728b)
Start importing Assets/BOXOPHOBIC/Skybox Cubemap Extended/Demo/Meshes/LowPoly - Fence A.FBX using Guid(719d923d0fff4604dad00bd968b563b2) Importer(815301076,1909f56bfc062723c751e8b465ee728b)  -> (artifact id: 'f82f63a716b9df1647fafcc90cbc695f') in 0.040385 seconds 
  Import took 0.046378 seconds .

========================================================================
Received Import Request.
  Time since last request: 0.000304 seconds.
  path: Assets/BOXOPHOBIC/Skybox Cubemap Extended/Demo/Meshes/LowPoly - FirTree B.FBX
  artifactKey: Guid(769d335a9d1fc3948bfb71adea34202c) Importer(815301076,1909f56bfc062723c751e8b465ee728b)
Start importing Assets/BOXOPHOBIC/Skybox Cubemap Extended/Demo/Meshes/LowPoly - FirTree B.FBX using Guid(769d335a9d1fc3948bfb71adea34202c) Importer(815301076,1909f56bfc062723c751e8b465ee728b)  -> (artifact id: '89b8826f861f92bbae1e1d142e8644f7') in 0.050323 seconds 
  Import took 0.054838 seconds .

========================================================================
Received Import Request.
  Time since last request: 0.000278 seconds.
  path: Assets/BOXOPHOBIC/Skybox Cubemap Extended/Demo/Meshes/LowPoly - Fence B.FBX
  artifactKey: Guid(6c41d268699e27248a4354335b2a76ee) Importer(815301076,1909f56bfc062723c751e8b465ee728b)
Start importing Assets/BOXOPHOBIC/Skybox Cubemap Extended/Demo/Meshes/LowPoly - Fence B.FBX using Guid(6c41d268699e27248a4354335b2a76ee) Importer(815301076,1909f56bfc062723c751e8b465ee728b)  -> (artifact id: '7a82e0f2b28d3de0de299bc4b0d33505') in 0.047869 seconds 
  Import took 0.053392 seconds .

========================================================================
Received Import Request.
  Time since last request: 0.001429 seconds.
  path: Assets/BOXOPHOBIC/Skybox Cubemap Extended/Demo/Meshes/LowPoly - Grass B.FBX
  artifactKey: Guid(0860e6fc68e57ae48b5ae6e854f8f6b1) Importer(815301076,1909f56bfc062723c751e8b465ee728b)
Start importing Assets/BOXOPHOBIC/Skybox Cubemap Extended/Demo/Meshes/LowPoly - Grass B.FBX using Guid(0860e6fc68e57ae48b5ae6e854f8f6b1) Importer(815301076,1909f56bfc062723c751e8b465ee728b)  -> (artifact id: '037807c881674e26004f63f4e2a3f0df') in 0.061868 seconds 
  Import took 0.068749 seconds .

========================================================================
Received Import Request.
  Time since last request: 0.000330 seconds.
  path: Assets/BOXOPHOBIC/Skybox Cubemap Extended/Demo/Meshes/LowPoly - Rock B.FBX
  artifactKey: Guid(3ecc1e70424b33546b2dc73bb30a5163) Importer(815301076,1909f56bfc062723c751e8b465ee728b)
Start importing Assets/BOXOPHOBIC/Skybox Cubemap Extended/Demo/Meshes/LowPoly - Rock B.FBX using Guid(3ecc1e70424b33546b2dc73bb30a5163) Importer(815301076,1909f56bfc062723c751e8b465ee728b)  -> (artifact id: '76b69f9b68ea894a0edd93d617821574') in 0.049226 seconds 
  Import took 0.055054 seconds .

========================================================================
Received Import Request.
  Time since last request: 0.000246 seconds.
  path: Assets/BOXOPHOBIC/Skybox Cubemap Extended/Demo/Meshes/LowPoly - Rock A.FBX
  artifactKey: Guid(26fb55e8ae34728499f6f45cd0527c73) Importer(815301076,1909f56bfc062723c751e8b465ee728b)
Start importing Assets/BOXOPHOBIC/Skybox Cubemap Extended/Demo/Meshes/LowPoly - Rock A.FBX using Guid(26fb55e8ae34728499f6f45cd0527c73) Importer(815301076,1909f56bfc062723c751e8b465ee728b)  -> (artifact id: '4afe384c983691291a3dc2423f8c056f') in 0.048890 seconds 
  Import took 0.053558 seconds .

========================================================================
Received Import Request.
  Time since last request: 0.000373 seconds.
  path: Assets/BOXOPHOBIC/Skybox Cubemap Extended/Demo/Meshes/LowPoly - Grass A.FBX
  artifactKey: Guid(8af3079b5c79b6b4c825cc71e71ef97d) Importer(815301076,1909f56bfc062723c751e8b465ee728b)
Start importing Assets/BOXOPHOBIC/Skybox Cubemap Extended/Demo/Meshes/LowPoly - Grass A.FBX using Guid(8af3079b5c79b6b4c825cc71e71ef97d) Importer(815301076,1909f56bfc062723c751e8b465ee728b)  -> (artifact id: '685a261826f2d2a266a21a35b48ca0b9') in 0.051115 seconds 
  Import took 0.058105 seconds .

========================================================================
Received Import Request.
  Time since last request: 0.000216 seconds.
  path: Assets/BOXOPHOBIC/Skybox Cubemap Extended/Demo/Meshes/LowPoly - FirTree A.FBX
  artifactKey: Guid(7f9b57a02a16e55429c68854f45a8801) Importer(815301076,1909f56bfc062723c751e8b465ee728b)
Start importing Assets/BOXOPHOBIC/Skybox Cubemap Extended/Demo/Meshes/LowPoly - FirTree A.FBX using Guid(7f9b57a02a16e55429c68854f45a8801) Importer(815301076,1909f56bfc062723c751e8b465ee728b)  -> (artifact id: '6b02894786b07c3585e1bee1e9586e7e') in 0.048445 seconds 
  Import took 0.052840 seconds .

========================================================================
Received Import Request.
  Time since last request: 0.210922 seconds.
  path: Assets/BOXOPHOBIC/Skybox Cubemap Extended/Demo/Meshes/LowPoly - Terrain.FBX
  artifactKey: Guid(f3dd2dace832efa4fa391170674edcc1) Importer(815301076,1909f56bfc062723c751e8b465ee728b)
Start importing Assets/BOXOPHOBIC/Skybox Cubemap Extended/Demo/Meshes/LowPoly - Terrain.FBX using Guid(f3dd2dace832efa4fa391170674edcc1) Importer(815301076,1909f56bfc062723c751e8b465ee728b)  -> (artifact id: '6552d97836f27ccd4fe8c29ff85db19c') in 0.030630 seconds 
  Import took 0.035307 seconds .

========================================================================
Received Import Request.
  Time since last request: 0.000261 seconds.
  path: Assets/SimpleNaturePack/Models/Mushroom_01.fbx
  artifactKey: Guid(d062f5c56ffb55c4f832432ada269abe) Importer(815301076,1909f56bfc062723c751e8b465ee728b)
Start importing Assets/SimpleNaturePack/Models/Mushroom_01.fbx using Guid(d062f5c56ffb55c4f832432ada269abe) Importer(815301076,1909f56bfc062723c751e8b465ee728b)  -> (artifact id: '4851fd8297dcf6757dd0c64832289885') in 0.045381 seconds 
  Import took 0.053012 seconds .

========================================================================
Received Import Request.
  Time since last request: 0.402418 seconds.
  path: Assets/SimpleNaturePack/Models/Mushroom_02.fbx
  artifactKey: Guid(6c890c97a154a474082af84a379dffce) Importer(815301076,1909f56bfc062723c751e8b465ee728b)
Start importing Assets/SimpleNaturePack/Models/Mushroom_02.fbx using Guid(6c890c97a154a474082af84a379dffce) Importer(815301076,1909f56bfc062723c751e8b465ee728b)  -> (artifact id: 'f721cd9700ff4da5ad0151408b2e9235') in 0.032180 seconds 
  Import took 0.036976 seconds .

========================================================================
Received Import Request.
  Time since last request: 0.000182 seconds.
  path: Assets/Snowy_Low_Poly_Trees/Models/Snowy_Low_Poly_Trees.fbx
  artifactKey: Guid(e6ec39770b6dbe04f9cbd7ea19e0c7ef) Importer(815301076,1909f56bfc062723c751e8b465ee728b)
Start importing Assets/Snowy_Low_Poly_Trees/Models/Snowy_Low_Poly_Trees.fbx using Guid(e6ec39770b6dbe04f9cbd7ea19e0c7ef) Importer(815301076,1909f56bfc062723c751e8b465ee728b)  -> (artifact id: '8fedfd48e12d5d78c38a8f5d6d667665') in 0.295197 seconds 
  Import took 0.300167 seconds .

========================================================================
Received Import Request.
  Time since last request: 0.197946 seconds.
  path: Assets/SimpleNaturePack/Models/Rock_01.fbx
  artifactKey: Guid(e9089b1db16b58f4282a94e020b9c0e8) Importer(815301076,1909f56bfc062723c751e8b465ee728b)
Start importing Assets/SimpleNaturePack/Models/Rock_01.fbx using Guid(e9089b1db16b58f4282a94e020b9c0e8) Importer(815301076,1909f56bfc062723c751e8b465ee728b)  -> (artifact id: 'aadd0a76a37e3cbe070e4d1d4e8e8e98') in 0.044349 seconds 
  Import took 0.050396 seconds .

========================================================================
Received Import Request.
  Time since last request: 0.001314 seconds.
  path: Assets/SimpleNaturePack/Models/Rock_02.fbx
  artifactKey: Guid(3a775dc2c1a334b45a5667a56fe92c23) Importer(815301076,1909f56bfc062723c751e8b465ee728b)
Start importing Assets/SimpleNaturePack/Models/Rock_02.fbx using Guid(3a775dc2c1a334b45a5667a56fe92c23) Importer(815301076,1909f56bfc062723c751e8b465ee728b)  -> (artifact id: 'ae3ae145bd5fce5fb9327ef502c3bd98') in 0.053564 seconds 
  Import took 0.058141 seconds .

========================================================================
Received Import Request.
  Time since last request: 0.000265 seconds.
  path: Assets/SimpleNaturePack/Models/Rock_03.fbx
  artifactKey: Guid(14125b656fb71fd4d9d65bfe344107ad) Importer(815301076,1909f56bfc062723c751e8b465ee728b)
Start importing Assets/SimpleNaturePack/Models/Rock_03.fbx using Guid(14125b656fb71fd4d9d65bfe344107ad) Importer(815301076,1909f56bfc062723c751e8b465ee728b)  -> (artifact id: 'f37eda9240867203abd8c331cba96f33') in 0.041834 seconds 
  Import took 0.047401 seconds .

========================================================================
Received Import Request.
  Time since last request: 0.414289 seconds.
  path: Assets/SimpleNaturePack/Models/Rock_04.fbx
  artifactKey: Guid(33ebf3440b12ec245bd008cd464f8d9a) Importer(815301076,1909f56bfc062723c751e8b465ee728b)
Start importing Assets/SimpleNaturePack/Models/Rock_04.fbx using Guid(33ebf3440b12ec245bd008cd464f8d9a) Importer(815301076,1909f56bfc062723c751e8b465ee728b)  -> (artifact id: 'c60101f8bda548c3869dd02fb87f5566') in 0.029967 seconds 
  Import took 0.034998 seconds .

========================================================================
Received Import Request.
  Time since last request: 0.000254 seconds.
  path: Assets/SimpleNaturePack/Models/Stump_01.fbx
  artifactKey: Guid(768be665aba8b4e4aae7a973ae9616cf) Importer(815301076,1909f56bfc062723c751e8b465ee728b)
Start importing Assets/SimpleNaturePack/Models/Stump_01.fbx using Guid(768be665aba8b4e4aae7a973ae9616cf) Importer(815301076,1909f56bfc062723c751e8b465ee728b)  -> (artifact id: '9270a0ffbdd0e59c4b9aaf463710c161') in 0.050186 seconds 
  Import took 0.055995 seconds .

========================================================================
Received Import Request.
  Time since last request: 0.000284 seconds.
  path: Assets/SimpleNaturePack/Models/Tree_02.fbx
  artifactKey: Guid(4471b1f7f824e4d44887e1364c6fc61a) Importer(815301076,1909f56bfc062723c751e8b465ee728b)
Start importing Assets/SimpleNaturePack/Models/Tree_02.fbx using Guid(4471b1f7f824e4d44887e1364c6fc61a) Importer(815301076,1909f56bfc062723c751e8b465ee728b)  -> (artifact id: 'cc1d8ca86cdfccbf67ab1042e0f20b8f') in 0.041831 seconds 
  Import took 0.046602 seconds .

========================================================================
Received Import Request.
  Time since last request: 0.000264 seconds.
  path: Assets/SimpleNaturePack/Models/Tree_01.fbx
  artifactKey: Guid(6c7eaede4efc960409fb9ef2dfb77f29) Importer(815301076,1909f56bfc062723c751e8b465ee728b)
Start importing Assets/SimpleNaturePack/Models/Tree_01.fbx using Guid(6c7eaede4efc960409fb9ef2dfb77f29) Importer(815301076,1909f56bfc062723c751e8b465ee728b)  -> (artifact id: '7f45e6fd8ef7caf84de0960cb0871dda') in 0.052145 seconds 
  Import took 0.068897 seconds .

========================================================================
Received Import Request.
  Time since last request: 0.306362 seconds.
  path: Assets/SimpleNaturePack/Models/Tree_03.fbx
  artifactKey: Guid(69f0af3a0a6c73b4ab4b89eb82cdc488) Importer(815301076,1909f56bfc062723c751e8b465ee728b)
Start importing Assets/SimpleNaturePack/Models/Tree_03.fbx using Guid(69f0af3a0a6c73b4ab4b89eb82cdc488) Importer(815301076,1909f56bfc062723c751e8b465ee728b)  -> (artifact id: 'a8050303bb23851e225401eec450ea5d') in 0.034401 seconds 
  Import took 0.041444 seconds .

========================================================================
Received Import Request.
  Time since last request: 20.440626 seconds.
  path: Assets/Src/Materials/End.mat
  artifactKey: Guid(16bd4127a894bff4486889c750412cca) Importer(815301076,1909f56bfc062723c751e8b465ee728b)
Start importing Assets/Src/Materials/End.mat using Guid(16bd4127a894bff4486889c750412cca) Importer(815301076,1909f56bfc062723c751e8b465ee728b)  -> (artifact id: '2dfc7f41bef92b5446722be5adb89941') in 0.033672 seconds 
  Import took 0.040848 seconds .

========================================================================
Received Import Request.
  Time since last request: 0.000327 seconds.
  path: Assets/Src/Materials/Player.mat
  artifactKey: Guid(1646729130ad8bf41aa157ccd7db3145) Importer(815301076,1909f56bfc062723c751e8b465ee728b)
Start importing Assets/Src/Materials/Player.mat using Guid(1646729130ad8bf41aa157ccd7db3145) Importer(815301076,1909f56bfc062723c751e8b465ee728b)  -> (artifact id: '349c2a7b083c75276ffe1bfa24c2fcaf') in 0.035290 seconds 
  Import took 0.040772 seconds .

========================================================================
Received Import Request.
  Time since last request: 0.000281 seconds.
  path: Assets/Src/Materials/Obstacle.mat
  artifactKey: Guid(e02b36cfa126b0d418929ec2be52ab11) Importer(815301076,1909f56bfc062723c751e8b465ee728b)
Start importing Assets/Src/Materials/Obstacle.mat using Guid(e02b36cfa126b0d418929ec2be52ab11) Importer(815301076,1909f56bfc062723c751e8b465ee728b)  -> (artifact id: '805ee644a75a52f94a5488cf6bc58836') in 0.040954 seconds 
  Import took 0.048636 seconds .

========================================================================
Received Import Request.
  Time since last request: 0.000206 seconds.
  path: Assets/Src/Materials/Floor.mat
  artifactKey: Guid(73e42d8536865764b8833f12abef7457) Importer(815301076,1909f56bfc062723c751e8b465ee728b)
Start importing Assets/Src/Materials/Floor.mat using Guid(73e42d8536865764b8833f12abef7457) Importer(815301076,1909f56bfc062723c751e8b465ee728b)  -> (artifact id: 'c8a7f6164695105c8596a6c74b3bfd85') in 0.039215 seconds 
  Import took 0.044765 seconds .

========================================================================
Received Import Request.
  Time since last request: 3.399357 seconds.
  path: Assets/BOXOPHOBIC/Skybox Cubemap Extended/Demo/Materials/Multiplicator.mat
  artifactKey: Guid(bac1980ad5356d044a63f9d3788e7cb9) Importer(815301076,1909f56bfc062723c751e8b465ee728b)
Start importing Assets/BOXOPHOBIC/Skybox Cubemap Extended/Demo/Materials/Multiplicator.mat using Guid(bac1980ad5356d044a63f9d3788e7cb9) Importer(815301076,1909f56bfc062723c751e8b465ee728b)  -> (artifact id: '35f5bbb90222b3c97f6ce520908a60c4') in 0.040694 seconds 
  Import took 0.049589 seconds .

========================================================================
Received Import Request.
  Time since last request: 0.000259 seconds.
  path: Assets/SimpleNaturePack/Materials/SimpleNaturePack_Texture_01.mat
  artifactKey: Guid(93caadf4359ae8143aad35b3145d31af) Importer(815301076,1909f56bfc062723c751e8b465ee728b)
Start importing Assets/SimpleNaturePack/Materials/SimpleNaturePack_Texture_01.mat using Guid(93caadf4359ae8143aad35b3145d31af) Importer(815301076,1909f56bfc062723c751e8b465ee728b)  -> (artifact id: 'b76ff32ba0d57b286b9f4c45802fcd64') in 0.037333 seconds 
  Import took 0.043253 seconds .

========================================================================
Received Import Request.
  Time since last request: 0.001677 seconds.
  path: Assets/BOXOPHOBIC/Skybox Cubemap Extended/Demo/Materials/Skybox Cubemap Extended Night.mat
  artifactKey: Guid(cc421da483ed06c49933077a621bff25) Importer(815301076,1909f56bfc062723c751e8b465ee728b)
Start importing Assets/BOXOPHOBIC/Skybox Cubemap Extended/Demo/Materials/Skybox Cubemap Extended Night.mat using Guid(cc421da483ed06c49933077a621bff25) Importer(815301076,1909f56bfc062723c751e8b465ee728b)  -> (artifact id: 'dad86f4cee7c2d2815d6c8de9e77918e') in 0.747569 seconds 
  Import took 0.765893 seconds .

========================================================================
Received Import Request.
  Time since last request: 0.000263 seconds.
  path: Assets/BOXOPHOBIC/Skybox Cubemap Extended/Demo/Materials/Skybox Cubemap Extended Blend.mat
  artifactKey: Guid(1cf6f4c6e6e0518419839d3f5448dd99) Importer(815301076,1909f56bfc062723c751e8b465ee728b)
Start importing Assets/BOXOPHOBIC/Skybox Cubemap Extended/Demo/Materials/Skybox Cubemap Extended Blend.mat using Guid(1cf6f4c6e6e0518419839d3f5448dd99) Importer(815301076,1909f56bfc062723c751e8b465ee728b)  -> (artifact id: '78bdfa5e73504cbe9d6106fd72caae8d') in 2.278359 seconds 
  Import took 2.450855 seconds .

========================================================================
Received Import Request.
  Time since last request: 0.000690 seconds.
  path: Assets/Snowy_Low_Poly_Trees/Materials/Snow.mat
  artifactKey: Guid(55003d8793f84ef45899029379d6f732) Importer(815301076,1909f56bfc062723c751e8b465ee728b)
Start importing Assets/Snowy_Low_Poly_Trees/Materials/Snow.mat using Guid(55003d8793f84ef45899029379d6f732) Importer(815301076,1909f56bfc062723c751e8b465ee728b)  -> (artifact id: '97edbd1ab09acebd0817dfe262584e92') in 0.149638 seconds 
  Import took 0.157071 seconds .

========================================================================
Received Import Request.
  Time since last request: 0.000201 seconds.
  path: Assets/SimpleNaturePack/Materials/SimpleNaturePack_BG.mat
  artifactKey: Guid(5f2c2ee5f84253b41b3ff0c1aafcc515) Importer(815301076,1909f56bfc062723c751e8b465ee728b)
Start importing Assets/SimpleNaturePack/Materials/SimpleNaturePack_BG.mat using Guid(5f2c2ee5f84253b41b3ff0c1aafcc515) Importer(815301076,1909f56bfc062723c751e8b465ee728b)  -> (artifact id: '40854ed092db78243843594878d7b61b') in 0.046655 seconds 
  Import took 0.052470 seconds .

========================================================================
Received Import Request.
  Time since last request: 0.000320 seconds.
  path: Assets/BOXOPHOBIC/Skybox Cubemap Extended/Demo/Materials/Skybox Cubemap Extended Day.mat
  artifactKey: Guid(2bd8959f5fbd3644aa33af1a155fc147) Importer(815301076,1909f56bfc062723c751e8b465ee728b)
Start importing Assets/BOXOPHOBIC/Skybox Cubemap Extended/Demo/Materials/Skybox Cubemap Extended Day.mat using Guid(2bd8959f5fbd3644aa33af1a155fc147) Importer(815301076,1909f56bfc062723c751e8b465ee728b)  -> (artifact id: 'b8c90fc30ac87188be3e288d5efce1ab') in 0.276143 seconds 
  Import took 0.287098 seconds .

========================================================================
Received Import Request.
  Time since last request: 0.000276 seconds.
  path: Assets/Snowy_Low_Poly_Trees/Materials/Wood.mat
  artifactKey: Guid(a9c035f52d27c9649963301025ddf958) Importer(815301076,1909f56bfc062723c751e8b465ee728b)
Start importing Assets/Snowy_Low_Poly_Trees/Materials/Wood.mat using Guid(a9c035f52d27c9649963301025ddf958) Importer(815301076,1909f56bfc062723c751e8b465ee728b)  -> (artifact id: '000e9274c65e3874ed13deaa33b0589c') in 0.030868 seconds 
  Import took 0.035758 seconds .

========================================================================
Received Prepare
Registering precompiled user dll's ...
Registered in 0.035780 seconds.
Begin MonoManager ReloadAssembly
Native extension for WindowsStandalone target not found
Refreshing native plugins compatible for Editor in 1.00 ms, found 2 plugins.
Preloading 0 native plugins for Editor in 0.00 ms.
Mono: successfully reloaded assembly
- Completed reload, in  1.545 seconds
Domain Reload Profiling:
	ReloadAssembly (1550ms)
		BeginReloadAssembly (321ms)
			ExecutionOrderSort (0ms)
			DisableScriptedObjects (19ms)
			BackupInstance (0ms)
			ReleaseScriptingObjects (0ms)
			CreateAndSetChildDomain (170ms)
		EndReloadAssembly (1146ms)
			LoadAssemblies (124ms)
			RebuildTransferFunctionScriptingTraits (0ms)
			SetupTypeCache (385ms)
			ReleaseScriptCaches (1ms)
			RebuildScriptCaches (47ms)
			SetupLoadedEditorAssemblies (473ms)
				LogAssemblyErrors (0ms)
				InitializePlatformSupportModulesInManaged (5ms)
				SetLoadedEditorAssemblies (1ms)
				RefreshPlugins (1ms)
				BeforeProcessingInitializeOnLoad (59ms)
				ProcessInitializeOnLoadAttributes (391ms)
				ProcessInitializeOnLoadMethodAttributes (9ms)
				AfterProcessingInitializeOnLoad (6ms)
				EditorAssembliesLoaded (0ms)
			ExecutionOrderSort2 (0ms)
			AwakeInstancesAfterBackupRestoration (8ms)
Platform modules already initialized, skipping
Refreshing native plugins compatible for Editor in 2.25 ms, found 2 plugins.
Preloading 0 native plugins for Editor in 0.00 ms.
Unloading 1922 Unused Serialized files (Serialized files now loaded: 0)
System memory in use before: 99.0 MB.
System memory in use after: 99.1 MB.

Unloading 265 unused Assets to reduce memory usage. Loaded Objects now: 2327.
Total: 7.513300 ms (FindLiveObjects: 0.397100 ms CreateObjectMapping: 0.201100 ms MarkObjects: 6.585200 ms  DeleteObjects: 0.327700 ms)

AssetImportParameters requested are different than current active one (requested -> active):
  custom:framework-win-MediaFoundation: 216162199b28c13a410421893ffa2e32 -> 
  custom:video-decoder-ogg-theora: a1e56fd34408186e4bbccfd4996cb3dc -> 
  custom:container-muxer-webm: aa71ff27fc2769a1b78a27578f13a17b -> 
  custom:container-demuxer-webm: 4f35f7cbe854078d1ac9338744f61a02 -> 
  custom:container-demuxer-ogg: 62fdf1f143b41e24485cea50d1cbac27 -> 
  custom:video-encoder-webm-vp8: eb34c28f22e8b96e1ab97ce403110664 -> 
  custom:video-codec-MediaFoundation-h265: 746d11721c4dcdbdad8f713fa42b33f4 -> 
  custom:video-decoder-webm-vp8: 9c59270c3fd7afecdb556c50c9e8de78 -> 
  custom:audio-decoder-ogg-vorbis: bf7c407c2cedff20999df2af8eb42d56 -> 
  custom:audio-encoder-webm-vorbis: bf7c407c2cedff20999df2af8eb42d56 -> 
========================================================================
Received Prepare
Registering precompiled user dll's ...
Registered in 0.023055 seconds.
Begin MonoManager ReloadAssembly
Native extension for WindowsStandalone target not found
Refreshing native plugins compatible for Editor in 1.18 ms, found 2 plugins.
Preloading 0 native plugins for Editor in 0.00 ms.
Mono: successfully reloaded assembly
- Completed reload, in  1.513 seconds
Domain Reload Profiling:
	ReloadAssembly (1514ms)
		BeginReloadAssembly (138ms)
			ExecutionOrderSort (0ms)
			DisableScriptedObjects (6ms)
			BackupInstance (0ms)
			ReleaseScriptingObjects (0ms)
			CreateAndSetChildDomain (46ms)
		EndReloadAssembly (1284ms)
			LoadAssemblies (124ms)
			RebuildTransferFunctionScriptingTraits (0ms)
			SetupTypeCache (542ms)
			ReleaseScriptCaches (1ms)
			RebuildScriptCaches (49ms)
			SetupLoadedEditorAssemblies (439ms)
				LogAssemblyErrors (0ms)
				InitializePlatformSupportModulesInManaged (6ms)
				SetLoadedEditorAssemblies (1ms)
				RefreshPlugins (1ms)
				BeforeProcessingInitializeOnLoad (61ms)
				ProcessInitializeOnLoadAttributes (357ms)
				ProcessInitializeOnLoadMethodAttributes (9ms)
				AfterProcessingInitializeOnLoad (6ms)
				EditorAssembliesLoaded (0ms)
			ExecutionOrderSort2 (0ms)
			AwakeInstancesAfterBackupRestoration (8ms)
Platform modules already initialized, skipping
Refreshing native plugins compatible for Editor in 8.28 ms, found 2 plugins.
Preloading 0 native plugins for Editor in 0.00 ms.
Unloading 1922 Unused Serialized files (Serialized files now loaded: 0)
System memory in use before: 99.0 MB.
System memory in use after: 99.1 MB.

Unloading 264 unused Assets to reduce memory usage. Loaded Objects now: 2329.
Total: 5.997300 ms (FindLiveObjects: 0.395800 ms CreateObjectMapping: 0.163400 ms MarkObjects: 5.147800 ms  DeleteObjects: 0.287900 ms)

AssetImportParameters requested are different than current active one (requested -> active):
  custom:framework-win-MediaFoundation: 216162199b28c13a410421893ffa2e32 -> 
  custom:video-decoder-ogg-theora: a1e56fd34408186e4bbccfd4996cb3dc -> 
  custom:container-muxer-webm: aa71ff27fc2769a1b78a27578f13a17b -> 
  custom:container-demuxer-webm: 4f35f7cbe854078d1ac9338744f61a02 -> 
  custom:container-demuxer-ogg: 62fdf1f143b41e24485cea50d1cbac27 -> 
  custom:video-encoder-webm-vp8: eb34c28f22e8b96e1ab97ce403110664 -> 
  custom:video-codec-MediaFoundation-h265: 746d11721c4dcdbdad8f713fa42b33f4 -> 
  custom:video-decoder-webm-vp8: 9c59270c3fd7afecdb556c50c9e8de78 -> 
  custom:audio-decoder-ogg-vorbis: bf7c407c2cedff20999df2af8eb42d56 -> 
  custom:audio-encoder-webm-vorbis: bf7c407c2cedff20999df2af8eb42d56 -> 
